Warning: Design 'ExampleRocketSystem' has '6' unresolved references. For more detailed information, use the "link" command. (UID-341)
--------------------------------------------------------------------------------
                            Clock Gating Style Checks
--------------------------------------------------------------------------------
No clock gating style defined yet.

--------------------------------------------------------------------------------
                         Target Library Subset Checks
--------------------------------------------------------------------------------
Error: Could not read the following target libraries:
your_library.db 
 (UIO-3)
No Errors/Warnings Found.

--------------------------------------------------------------------------------
                             Power Domain Checks
--------------------------------------------------------------------------------
No Errors/Warnings Found.

--------------------------------------------------------------------------------
                        Cell Operating Condition Checks
--------------------------------------------------------------------------------
No Errors/Warnings Found.

--------------------------------------------------------------------------------
           Power Domain and Operating Condition Consistency Checks
--------------------------------------------------------------------------------
No Errors/Warnings Found.
--------------------------------------------------------------------------------
                      Power/Ground Pin Connection Checks
--------------------------------------------------------------------------------
No Errors/Warnings Found.

--------------------------------------------------------------------------------
                         Supply Operating Voltage Checks
--------------------------------------------------------------------------------
No Errors/Warnings Found.

--------------------------------------------------------------------------------
                                 Model checks
--------------------------------------------------------------------------------
No Errors/Warnings Found.

Please review report above for warnings and errors.
1
