Warning: Design 'ExampleRocketSystem' has '6' unresolved references. For more detailed information, use the "link" command. (UID-341)
 
****************************************
Report : timing
        -path full
        -delay max
        -derate
        -input_pins
        -nets
        -slack_lesser_than 0.0000
        -max_paths 10000
        -transition_time
        -crosstalk_delta
        -capacitance
Design : ExampleRocketSystem
Version: Q-2019.12-SP3
Date   : Sat Mar 19 04:43:20 2022
****************************************

 # A fanout number of 1000 was used for high fanout net computations.

Operating Conditions: nom_pvt   Library: gtech
Wire Load Model Mode: top
No paths.

1
