 
****************************************
Report : constraint
        -all_violators
Design : fifo1_sram
Version: Q-2019.12-SP3
Date   : Sat Mar 19 04:53:23 2022
****************************************


   max_delay/setup ('INPUTS' group)

                             Required        Actual
   Endpoint                 Path Delay     Path Delay        Slack
   -----------------------------------------------------------------
   wdata_reg_0_/D               0.46           0.52 r        -0.07  (VIOLATED)
   wdata_reg_1_/D               0.46           0.52 r        -0.07  (VIOLATED)
   wdata_reg_2_/D               0.46           0.52 r        -0.07  (VIOLATED)
   wdata_reg_3_/D               0.46           0.52 r        -0.07  (VIOLATED)
   wdata_reg_4_/D               0.46           0.52 r        -0.07  (VIOLATED)
   wdata_reg_5_/D               0.46           0.52 r        -0.07  (VIOLATED)
   wdata_reg_6_/D               0.46           0.52 r        -0.07  (VIOLATED)
   wptr_full/wfull_reg/D        1.11           1.15 f        -0.04  (VIOLATED)
   rptr_empty/rempty_reg/D      1.14           1.16 r        -0.03  (VIOLATED)
   wdata_reg_7_/D               0.51           0.53 f        -0.02  (VIOLATED)


   max_delay/setup ('OUTPUTS' group)

                             Required        Actual
   Endpoint                 Path Delay     Path Delay        Slack
   -----------------------------------------------------------------
   rdata[0]                     1.75           1.76 f        -0.01  (VIOLATED)
   rdata[1]                     1.75           1.76 f        -0.01  (VIOLATED)
   rdata[2]                     1.75           1.76 f        -0.01  (VIOLATED)
   rdata[3]                     1.75           1.76 f        -0.01  (VIOLATED)
   rdata[4]                     1.75           1.76 f        -0.01  (VIOLATED)
   rdata[5]                     1.75           1.76 f        -0.01  (VIOLATED)
   rdata[6]                     1.75           1.76 f        -0.01  (VIOLATED)
   rdata[7]                     1.75           1.76 f        -0.01  (VIOLATED)
   wfull                        1.71           1.71 f         0.00  (VIOLATED: increase significant digits)


   min_delay/hold ('wclk' group)

                             Required        Actual
   Endpoint                 Path Delay     Path Delay        Slack
   -----------------------------------------------------------------
   fifomem/genblk1_0__U/I1[7]
                                0.26           0.23 f        -0.03  (VIOLATED)
   fifomem/genblk1_1__U/I1[7]
                                0.26           0.23 f        -0.03  (VIOLATED)
   fifomem/genblk1_2__U/I1[7]
                                0.26           0.23 f        -0.03  (VIOLATED)
   fifomem/genblk1_3__U/I1[7]
                                0.26           0.23 f        -0.03  (VIOLATED)
   fifomem/genblk1_4__U/I1[7]
                                0.26           0.23 f        -0.03  (VIOLATED)
   fifomem/genblk1_5__U/I1[7]
                                0.26           0.23 f        -0.03  (VIOLATED)
   fifomem/genblk1_6__U/I1[7]
                                0.26           0.23 f        -0.03  (VIOLATED)
   fifomem/genblk1_7__U/I1[7]
                                0.26           0.23 f        -0.03  (VIOLATED)


   max_transition

                             Required        Actual
   Net                      Transition     Transition        Slack
   -----------------------------------------------------------------
   rempty                       0.50           0.89          -0.39  (VIOLATED)
       PORT :  rempty           0.50           0.89          -0.39  (VIOLATED)
   wfull                        0.50           0.89          -0.39  (VIOLATED)
       PORT :  wfull            0.50           0.89          -0.39  (VIOLATED)
   rdata[0]                     0.50           0.89          -0.39  (VIOLATED)
       PORT :  rdata[0]         0.50           0.89          -0.39  (VIOLATED)
   rdata[1]                     0.50           0.89          -0.39  (VIOLATED)
       PORT :  rdata[1]         0.50           0.89          -0.39  (VIOLATED)
   rdata[2]                     0.50           0.89          -0.39  (VIOLATED)
       PORT :  rdata[2]         0.50           0.89          -0.39  (VIOLATED)
   rdata[3]                     0.50           0.89          -0.39  (VIOLATED)
       PORT :  rdata[3]         0.50           0.89          -0.39  (VIOLATED)
   rdata[4]                     0.50           0.89          -0.39  (VIOLATED)
       PORT :  rdata[4]         0.50           0.89          -0.39  (VIOLATED)
   rdata[5]                     0.50           0.89          -0.39  (VIOLATED)
       PORT :  rdata[5]         0.50           0.89          -0.39  (VIOLATED)
   rdata[6]                     0.50           0.89          -0.39  (VIOLATED)
       PORT :  rdata[6]         0.50           0.89          -0.39  (VIOLATED)
   rdata[7]                     0.50           0.89          -0.39  (VIOLATED)
       PORT :  rdata[7]         0.50           0.89          -0.39  (VIOLATED)

   -----------------------------------------------------------------
   Total                      10                 -3.93  

   max_leakage_power

                             Required        Actual
   Design                   Leakage Power  Leakage Power     Slack
   -----------------------------------------------------------------
   fifo1_sram                   0.00       1125885312.00  -1125885312.00
                                                                    (VIOLATED)


1
