============================================================
  Generated by:           Genus(TM) Synthesis Solution 19.12-s121_1
  Generated on:           Mar 17 2022  05:22:01 pm
  Module:                 fifo1_sram
  Operating conditions:   _nominal_ (balanced_tree)
  Wireload mode:          enclosed
  Area mode:              timing library
============================================================

Timing
--------

 Clock Period 
--------------
rclk   1220.0 
wclk   1180.0 
wclk2x  590.0 


  Cost    Critical         Violating 
 Group   Path Slack  TNS     Paths   
-------------------------------------
default    No paths   0.0            
INPUTS          0.9   0.0          0 
OUTPUTS         1.9   0.0          0 
rclk           79.9   0.0          0 
wclk           71.3   0.0          0 
wclk2x     No paths   0.0            
-------------------------------------
Total                 0.0          0 

Instance Count
--------------
Leaf Instance Count             288 
Physical Instance count           0 
Sequential Instance Count       104 
Combinational Instance Count    184 
Hierarchical Instance Count       5 

Area
----
Cell Area                          370510.947
Physical Cell Area                 0.000
Total Cell Area (Cell+Physical)    370510.947
Net Area                           0.000
Total Area (Cell+Physical+Net)     370510.947

Max Fanout                         72 (fifomem/n_27)
Min Fanout                         0 (io_b_wrst_n_net)
Average Fanout                     3.0
Terms to net ratio                 4.8038
Terms to instance ratio            5.2708
Runtime                            28.880792000000003 seconds
Elapsed Runtime                    84 seconds
Genus peak memory usage            1409.73 
Innovus peak memory usage          no_value 
Hostname                           auto.ece.pdx.edu
