 
****************************************
Report : timing
        -path full
        -delay max
        -max_paths 1
        -capacitance
Design : fifo1_sram
Version: Q-2019.12-SP3
Date   : Fri Mar 18 22:11:45 2022
****************************************

 * Some/all delay information is back-annotated.

Operating Conditions: ss0p95v125c   Library: saed32rvt_ss0p95v125c
Wire Load Model Mode: Inactive.

  Startpoint: fifomem/genblk1_0__U
              (rising edge-triggered flip-flop clocked by rclk)
  Endpoint: rdata[7] (output port clocked by rclk)
  Path Group: OUTPUTS
  Path Type: max

  Point                                          Cap      Incr       Path
  --------------------------------------------------------------------------
  clock rclk (rise edge)                                  0.00       0.00
  clock network delay (ideal)                             0.10       0.10
  fifomem/genblk1_0__U/CE2 (SRAM2RW128x8)                 0.00       0.10 r
  fifomem/genblk1_0__U/O2[7] (SRAM2RW128x8)     1.76      0.10       0.20 f
  fifomem/U66/Y (NBUFFX8_RVT)                  33.81      0.08 *     0.28 f
  fifomem/U6/Y (NAND4X0_RVT)                    0.70      0.06 *     0.34 r
  fifomem/U98/Y (OR2X2_RVT)                     2.79      0.08 *     0.42 r
  fifomem/U97/Y (INVX4_RVT)                     3.37      0.02 *     0.44 f
  fifomem/U117/Y (NBUFFX32_RVT)                39.39      0.05 *     0.50 f
  fifomem/rdata[7] (fifomem_DATASIZE8_ADDRSIZE10)         0.00       0.50 f
  io_l_rdata_7_/PADIO (D8I1025_NS)           1433.81      1.39 *     1.89 f
  rdata[7] (out)                                          0.00 *     1.89 f
  data arrival time                                                  1.89

  clock rclk (rise edge)                                  1.22       1.22
  clock network delay (ideal)                             0.10       1.32
  clock uncertainty                                      -0.07       1.25
  output external delay                                   0.50       1.75
  data required time                                                 1.75
  --------------------------------------------------------------------------
  data required time                                                 1.75
  data arrival time                                                 -1.89
  --------------------------------------------------------------------------
  slack (VIOLATED)                                                  -0.14


1
